I tensorflow/stream_executor/dso_loader.cc:108] successfully opened CUDA library libcublas.so locally
I tensorflow/stream_executor/dso_loader.cc:108] successfully opened CUDA library libcudnn.so locally
I tensorflow/stream_executor/dso_loader.cc:108] successfully opened CUDA library libcufft.so locally
I tensorflow/stream_executor/dso_loader.cc:108] successfully opened CUDA library libcuda.so locally
I tensorflow/stream_executor/dso_loader.cc:108] successfully opened CUDA library libcurand.so locally
I tensorflow/core/common_runtime/gpu/gpu_init.cc:102] Found device 0 with properties: 
name: Tesla K80
major: 3 minor: 7 memoryClockRate (GHz) 0.8235
pciBusID 0000:06:00.0
Total memory: 11.17GiB
Free memory: 11.11GiB
I tensorflow/core/common_runtime/gpu/gpu_init.cc:126] DMA: 0 
I tensorflow/core/common_runtime/gpu/gpu_init.cc:136] 0:   Y 
I tensorflow/core/common_runtime/gpu/gpu_device.cc:806] Creating TensorFlow device (/gpu:0) -> (device: 0, name: Tesla K80, pci bus id: 0000:06:00.0)
I tensorflow/core/common_runtime/gpu/gpu_device.cc:806] Creating TensorFlow device (/gpu:0) -> (device: 0, name: Tesla K80, pci bus id: 0000:06:00.0)
number of files 12000
Features shape= (250, 250, 1) Labels shape= ()
STARTING TRAINING
Loss= 4.88574e+06	Accuracy= 0.5
[[  638554.5   ]
 [  944060.375 ]
 [ 1044791.5625]
 [  994860.6875]]
[[ 9361446.]
 [ 9055940.]
 [ 8955208.]
 [ 9005139.]]
Loss= 5.0634e+06	Accuracy= 0.5
[[ 1301485.125]
 [ 1443390.5  ]
 [ 1277927.625]
 [ 1213352.5  ]]
[[ 8698515.]
 [ 8556610.]
 [ 8722072.]
 [ 8786648.]]
Loss= 5.05358e+06	Accuracy= 0.5
[[ 1722960.875]
 [ 1214392.5  ]
 [ 1326911.25 ]
 [ 1396115.875]]
[[ 8277039.]
 [ 8785608.]
 [ 8673089.]
 [ 8603884.]]
Loss= 4.48278e+06	Accuracy= 0.5
[[  931322.25]
 [ 2001082.  ]
 [ 2426683.  ]
 [ 2574621.  ]]
[[ 9068678.]
 [ 7998918.]
 [ 7573317.]
 [ 7425379.]]
Loss= 5.29076e+06	Accuracy= 0.5
[[ 2286559.   ]
 [ 2358321.5  ]
 [ 2232411.5  ]
 [ 1249410.375]]
[[ 7713441. ]
 [ 7641678.5]
 [ 7767588.5]
 [ 8750590. ]]
Loss= 5.32392e+06	Accuracy= 0.5
[[ 2182167.25 ]
 [ 3009970.   ]
 [ 1729022.125]
 [ 2167416.5  ]]
[[ 7817833. ]
 [ 6990030. ]
 [ 8270978. ]
 [ 7832583.5]]
Loss= 4.964e+06	Accuracy= 0.5
[[ 1702383.5  ]
 [ 1094521.25 ]
 [ 1585102.125]
 [ 1355800.75 ]]
[[ 8297616.5]
 [ 8905479. ]
 [ 8414898. ]
 [ 8644199. ]]
Loss= 5.0058e+06	Accuracy= 0.5
[[ 1794650.75 ]
 [ 1603427.75 ]
 [ 1765480.625]
 [ 1609402.   ]]
[[ 8205349. ]
 [ 8396572. ]
 [ 8234519.5]
 [ 8390598. ]]
Loss= 4.74194e+06	Accuracy= 0.5
[[ 1044631.5625]
 [ 1217177.25  ]
 [ 1969735.    ]
 [ 1324328.875 ]]
[[ 8955368.]
 [ 8782823.]
 [ 8030265.]
 [ 8675671.]]
Loss= 5.02128e+06	Accuracy= 0.5
[[ 1497009.25]
 [ 1861812.25]
 [ 1851671.5 ]
 [ 1422019.25]]
[[ 8502991. ]
 [ 8138188. ]
 [ 8148328.5]
 [ 8577981. ]]
Loss= 4.64826e+06	Accuracy= 0.5
[[ 1640777.875]
 [ 1491468.   ]
 [ 2353329.5  ]
 [ 2185860.25 ]]
[[ 8359222. ]
 [ 8508532. ]
 [ 7646670.5]
 [ 7814140. ]]
Loss= 4.7969e+06	Accuracy= 0.5
[[ 1559544.75]
 [ 2432468.5 ]
 [ 2477118.25]
 [ 2327317.25]]
[[ 8440455. ]
 [ 7567531.5]
 [ 7522882. ]
 [ 7672683. ]]
Loss= 4.8546e+06	Accuracy= 0.5
[[ 1807515.875]
 [ 1096603.5  ]
 [ 2289873.75 ]
 [ 1195855.125]]
[[ 8192484.]
 [ 8903396.]
 [ 7710126.]
 [ 8804145.]]
Loss= 4.60496e+06	Accuracy= 0.5
[[ 2890133.75 ]
 [ 1082714.125]
 [ 1664247.5  ]
 [ 3888765.   ]]
[[ 7109866. ]
 [ 8917286. ]
 [ 8335752.5]
 [ 6111235. ]]
Loss= 5.26038e+06	Accuracy= 0.5
[[ 2921001.25 ]
 [ 1599100.625]
 [ 1463179.25 ]
 [ 2015395.5  ]]
[[ 7078999. ]
 [ 8400899. ]
 [ 8536821. ]
 [ 7984604.5]]
Loss= 4.92613e+06	Accuracy= 0.5
[[ 1524410.375]
 [ 1457108.25 ]
 [ 1698281.5  ]
 [ 1578725.625]]
[[ 8475590. ]
 [ 8542892. ]
 [ 8301718.5]
 [ 8421274. ]]
Loss= 5.10647e+06	Accuracy= 0.5
[[ 2906094.25  ]
 [ 1045982.6875]
 [ 2519451.5   ]
 [ 1006754.9375]]
[[ 7093906. ]
 [ 8954017. ]
 [ 7480548.5]
 [ 8993245. ]]
Loss= 4.58859e+06	Accuracy= 0.5
[[  660088.1875]
 [ 1148461.    ]
 [ 1679906.625 ]
 [ 1774275.25  ]]
[[ 9339912. ]
 [ 8851539. ]
 [ 8320093.5]
 [ 8225725. ]]
Loss= 5.38413e+06	Accuracy= 0.5
[[ 3170289.25 ]
 [ 2142966.75 ]
 [ 1681018.625]
 [ 2095718.   ]]
[[ 6829711. ]
 [ 7857033. ]
 [ 8318981.5]
 [ 7904282. ]]
Loss= 4.49282e+06	Accuracy= 0.5
[[ 2007387.375]
 [ 1583337.5  ]
 [ 3058519.5  ]
 [ 2560938.   ]]
[[ 7992612.5]
 [ 8416662. ]
 [ 6941480.5]
 [ 7439062. ]]
Loss= 4.88824e+06	Accuracy= 0.5
[[ 2447175. ]
 [ 3006638.5]
 [ 2694060.5]
 [ 3206787. ]]
[[ 7552825. ]
 [ 6993361.5]
 [ 7305939.5]
 [ 6793213. ]]
Loss= 4.97531e+06	Accuracy= 0.5
[[ 2029759.625]
 [ 1714234.75 ]
 [ 1437062.25 ]
 [ 2405677.   ]]
[[ 7970240.5]
 [ 8285765. ]
 [ 8562938. ]
 [ 7594323. ]]
Loss= 4.18764e+06	Accuracy= 0.5
[[ 1413887.   ]
 [ 1987616.625]
 [ 3159785.5  ]
 [ 3491150.   ]]
[[ 8586113. ]
 [ 8012383.5]
 [ 6840214.5]
 [ 6508850. ]]
Loss= 4.59765e+06	Accuracy= 0.5
[[ 2680343.5  ]
 [ 2072158.875]
 [ 3486644.25 ]
 [ 2875273.75 ]]
[[ 7319656.5]
 [ 7927841. ]
 [ 6513356. ]
 [ 7124726. ]]
Loss= 5.62757e+06	Accuracy= 0.25
[[ 6624300.   ]
 [ 1208390.625]
 [ 1460243.25 ]
 [ 3862181.   ]]
[[ 3375700.]
 [ 8791609.]
 [ 8539757.]
 [ 6137819.]]
Loss= 4.5103e+06	Accuracy= 0.5
[[ 2402285.5 ]
 [ 3522135.25]
 [ 3162227.25]
 [ 4720973.5 ]]
[[ 7597714.5]
 [ 6477865. ]
 [ 6837773. ]
 [ 5279026.5]]
Loss= 4.05778e+06	Accuracy= 0.5
[[ 1520514.125]
 [ 1506828.5  ]
 [ 2892984.5  ]
 [ 3903250.75 ]]
[[ 8479486. ]
 [ 8493172. ]
 [ 7107015.5]
 [ 6096749. ]]
Loss= 5.97256e+06	Accuracy= 0.0
[[ 6707229. ]
 [ 6413651.5]
 [ 4426985. ]
 [ 4803656.5]]
[[ 3292771. ]
 [ 3586348.5]
 [ 5573015. ]
 [ 5196343.5]]
Loss= 4.98934e+06	Accuracy= 0.5
[[ 9289433. ]
 [ 5072663. ]
 [ 7403573.5]
 [ 7001152.5]]
[[  710567. ]
 [ 4927337. ]
 [ 2596426.5]
 [ 2998847.5]]
Loss= 5.18582e+06	Accuracy= 0.5
[[ 2628176.75]
 [ 4468509.  ]
 [ 2503834.  ]
 [ 3849561.5 ]]
[[ 7371823. ]
 [ 5531491. ]
 [ 7496166. ]
 [ 6150438.5]]
Loss= 5.72071e+06	Accuracy= 0.25
[[ 5048996. ]
 [ 5576481. ]
 [ 2677015. ]
 [ 5065639.5]]
[[ 4951004. ]
 [ 4423519. ]
 [ 7322985. ]
 [ 4934360.5]]
Loss= 4.55069e+06	Accuracy= 0.5
[[ 1900883.375]
 [ 1379721.625]
 [ 1867270.125]
 [ 3210565.   ]]
[[ 8099116.5]
 [ 8620278. ]
 [ 8132730. ]
 [ 6789435. ]]
Loss= 4.79632e+06	Accuracy= 0.5
[[ 2312946.5 ]
 [ 3153641.  ]
 [ 3767173.75]
 [ 2514118.75]]
[[ 7687053.5]
 [ 6846359. ]
 [ 6232826. ]
 [ 7485881. ]]
Loss= 4.58533e+06	Accuracy= 0.5
[[ 1915748.25]
 [ 2430580.25]
 [ 3024601.25]
 [ 2980409.25]]
[[ 8084252.]
 [ 7569420.]
 [ 6975399.]
 [ 7019591.]]
Loss= 4.03645e+06	Accuracy= 0.75
[[ 3182816.  ]
 [ 2602609.75]
 [ 6107299.  ]
 [ 3532317.  ]]
[[ 6817184.]
 [ 7397390.]
 [ 3892701.]
 [ 6467683.]]
Loss= 2.56437e+06	Accuracy= 1.0
[[ 3917565.5]
 [ 4120882. ]
 [ 8549840. ]
 [ 9231137. ]]
[[ 6082434.5]
 [ 5879118. ]
 [ 1450160. ]
 [  768863. ]]
Loss= 3.06588e+06	Accuracy= 1.0
[[ 3319248.25]
 [ 3763025.25]
 [ 6532875.  ]
 [ 8285873.  ]]
[[ 6680752.]
 [ 6236975.]
 [ 3467125.]
 [ 1714127.]]
Loss= 3.99871e+06	Accuracy= 0.75
[[ 2434774.25]
 [ 3482312.75]
 [ 4784204.  ]
 [ 5138042.5 ]]
[[ 7565226. ]
 [ 6517687. ]
 [ 5215796. ]
 [ 4861957.5]]
Loss= 6.76329e+06	Accuracy= 0.25
[[ 8472584.]
 [ 4510734.]
 [ 3354437.]
 [ 2575731.]]
[[ 1527416.]
 [ 5489266.]
 [ 6645563.]
 [ 7424269.]]
Loss= 4.98888e+06	Accuracy= 0.5
[[ 5672106.5 ]
 [ 3649205.  ]
 [ 6498529.  ]
 [ 2867281.75]]
[[ 4327893.5]
 [ 6350795. ]
 [ 3501471. ]
 [ 7132718. ]]
Loss= 4.84531e+06	Accuracy= 0.5
[[ 3400475. ]
 [ 4421220.5]
 [ 4423986.5]
 [ 4016480. ]]
[[ 6599525. ]
 [ 5578779.5]
 [ 5576013.5]
 [ 5983520. ]]
Loss= 4.18095e+06	Accuracy= 0.75
[[ 6085898.5]
 [ 2261606.5]
 [ 6597165. ]
 [ 5026522. ]]
[[ 3914101.5]
 [ 7738393.5]
 [ 3402835. ]
 [ 4973478. ]]
Loss= 3.67843e+06	Accuracy= 0.5
[[  6189674.5]
 [  8524048. ]
 [ 12571408. ]
 [ 15276042. ]]
[[ 3810325.5]
 [ 1475952. ]
 [       0. ]
 [       0. ]]
Loss= 1.65116e+06	Accuracy= 1.0
[[  3579819.75  ]
 [   925846.4375]
 [ 14549186.    ]
 [  7901008.5   ]]
[[ 6420180. ]
 [ 9074154. ]
 [       0. ]
 [ 2098991.5]]
Loss= 4.48252e+06	Accuracy= 0.5
[[ 3742913.75]
 [ 3070087.  ]
 [ 4851527.  ]
 [ 4031393.5 ]]
[[ 6257086. ]
 [ 6929913. ]
 [ 5148473. ]
 [ 5968606.5]]
Loss= 4.09236e+06	Accuracy= 0.75
[[ 2351124.75]
 [ 4392361.  ]
 [ 3456756.5 ]
 [ 6917282.  ]]
[[ 7648875. ]
 [ 5607639. ]
 [ 6543243.5]
 [ 3082718. ]]
Loss= 3.48697e+06	Accuracy= 1.0
[[ 4050058.75]
 [ 3693317.5 ]
 [ 5503303.  ]
 [ 8292205.  ]]
[[ 5949941. ]
 [ 6306682.5]
 [ 4496697. ]
 [ 1707795. ]]
Loss= 4.07587e+06	Accuracy= 0.75
[[ 2880491.75]
 [ 3878070.25]
 [ 2783338.5 ]
 [ 7671743.5 ]]
[[ 7119508. ]
 [ 6121930. ]
 [ 7216661.5]
 [ 2328256.5]]
Loss= 4.11314e+06	Accuracy= 0.5
[[ 5498341.5]
 [ 5161765.5]
 [ 8741832. ]
 [ 5465712.5]]
[[ 4501658.5]
 [ 4838234.5]
 [ 1258168. ]
 [ 4534287.5]]
Loss= 4.68505e+06	Accuracy= 0.5
[[  8297990.  ]
 [  3199490.25]
 [ 12101732.  ]
 [  2757268.75]]
[[ 1702010.]
 [ 6800510.]
 [       0.]
 [ 7242731.]]
Loss= 5.6109e+06	Accuracy= 0.25
[[ 6612899. ]
 [ 6549678. ]
 [ 4302159.5]
 [ 6416810.5]]
[[ 3387101. ]
 [ 3450322. ]
 [ 5697840.5]
 [ 3583189.5]]
Loss= 4.46103e+06	Accuracy= 0.75
[[ 4597565.5 ]
 [ 2740538.25]
 [ 4198868.5 ]
 [ 5295105.5 ]]
[[ 5402434.5]
 [ 7259462. ]
 [ 5801131.5]
 [ 4704894.5]]
Loss= 3.94008e+06	Accuracy= 0.75
[[ 3435384.75]
 [ 3359148.25]
 [ 7398063.  ]
 [ 3636159.  ]]
[[ 6564615.]
 [ 6640852.]
 [ 2601937.]
 [ 6363841.]]
Loss= 4.88149e+06	Accuracy= 0.5
[[ 2816658.  ]
 [ 3855987.25]
 [ 2957950.5 ]
 [ 4188739.  ]]
[[ 7183342. ]
 [ 6144013. ]
 [ 7042049.5]
 [ 5811261. ]]
Loss= 3.37832e+06	Accuracy= 1.0
[[ 4944987.5]
 [ 3137451. ]
 [ 5274082.5]
 [ 9295085. ]]
[[ 5055012.5]
 [ 6862549. ]
 [ 4725917.5]
 [  704915. ]]
Loss= 3.89542e+06	Accuracy= 0.5
[[ 2639767.25]
 [ 6079535.  ]
 [ 8583031.  ]
 [ 4554610.  ]]
[[ 7360233.]
 [ 3920465.]
 [ 1416969.]
 [ 5445390.]]
Loss= 6.44184e+06	Accuracy= 0.5
[[ 11364156.]
 [ 13395022.]
 [  9899649.]
 [  9092185.]]
[[      0.]
 [      0.]
 [ 100351.]
 [ 907815.]]
Loss= 4.63483e+06	Accuracy= 0.75
[[ 10466758. ]
 [  4724182.5]
 [  6651630.5]
 [ 10166684. ]]
[[       0. ]
 [ 5275817.5]
 [ 3348369.5]
 [       0. ]]
Loss= 2.55716e+06	Accuracy= 1.0
[[ 2171742.25]
 [ 2226731.25]
 [ 5056988.  ]
 [ 9112864.  ]]
[[ 7828258.]
 [ 7773269.]
 [ 4943012.]
 [  887136.]]
Loss= 6.59635e+06	Accuracy= 0.5
[[  9230022.]
 [ 15603439.]
 [  8975340.]
 [  9472733.]]
[[  769978.]
 [       0.]
 [ 1024660.]
 [  527267.]]
Loss= 4.66684e+06	Accuracy= 0.5
[[ 2073457.75]
 [ 5856820.5 ]
 [ 5866839.5 ]
 [ 3396086.  ]]
[[ 7926542. ]
 [ 4143179.5]
 [ 4133160.5]
 [ 6603914. ]]
Loss= 5.13367e+06	Accuracy= 0.25
[[ 5948328. ]
 [ 5102224. ]
 [ 4718557.5]
 [ 5797327. ]]
[[ 4051672. ]
 [ 4897776. ]
 [ 5281442.5]
 [ 4202673. ]]
Loss= 3.33136e+06	Accuracy= 0.75
[[  4182019.75]
 [  6036098.5 ]
 [ 14035843.  ]
 [  6892695.5 ]]
[[ 5817980. ]
 [ 3963901.5]
 [       0. ]
 [ 3107304.5]]
Loss= 4.79186e+06	Accuracy= 0.75
[[ 4931834.5 ]
 [ 4175970.  ]
 [ 3923049.25]
 [ 6017309.  ]]
[[ 5068165.5]
 [ 5824030. ]
 [ 6076951. ]
 [ 3982691. ]]
Loss= 2.89128e+06	Accuracy= 0.75
[[  2784481.25]
 [  6318955.  ]
 [ 11121833.  ]
 [  7538314.5 ]]
[[ 7215519. ]
 [ 3681045. ]
 [       0. ]
 [ 2461685.5]]
Loss= 2.63012e+06	Accuracy= 1.0
[[ 2565091.5]
 [ 3989442. ]
 [ 7942689.5]
 [ 8091374. ]]
[[ 7434908.5]
 [ 6010558. ]
 [ 2057310.5]
 [ 1908626. ]]
Loss= 4.35493e+06	Accuracy= 0.75
[[ 4283597.  ]
 [ 2906804.5 ]
 [ 5652740.  ]
 [ 4117954.75]]
[[ 5716403. ]
 [ 7093195.5]
 [ 4347260. ]
 [ 5882045. ]]
Loss= 1.92622e+06	Accuracy= 1.0
[[  2482999.75]
 [  3003782.75]
 [ 15823567.  ]
 [  7781892.  ]]
[[ 7517000.]
 [ 6996217.]
 [       0.]
 [ 2218108.]]
Loss= 4.58389e+06	Accuracy= 0.5
[[ 6879362. ]
 [ 6351400. ]
 [ 5903059.5]
 [ 8992159. ]]
[[ 3120638. ]
 [ 3648600. ]
 [ 4096940.5]
 [ 1007841. ]]
Loss= 4.42169e+06	Accuracy= 0.75
[[ 5452630. ]
 [ 4454524. ]
 [ 6273433. ]
 [ 5946966.5]]
[[ 4547370. ]
 [ 5545476. ]
 [ 3726567. ]
 [ 4053033.5]]
Loss= 3.94341e+06	Accuracy= 0.75
[[ 3066571. ]
 [ 4555492. ]
 [ 6865467. ]
 [ 4982945.5]]
[[ 6933429. ]
 [ 5444508. ]
 [ 3134533. ]
 [ 5017054.5]]
Loss= 6.0087e+06	Accuracy= 0.25
[[ 2615051.5]
 [ 7777080.5]
 [ 3118781.5]
 [ 3238571. ]]
[[ 7384948.5]
 [ 2222919.5]
 [ 6881218.5]
 [ 6761429. ]]
Loss= 6.27937e+06	Accuracy= 0.5
[[ 9404534. ]
 [ 9259264. ]
 [ 5842353.5]
 [ 7703967.5]]
[[  595466. ]
 [  740736. ]
 [ 4157646.5]
 [ 2296032.5]]
Loss= 3.29952e+06	Accuracy= 1.0
[[ 3441699.25]
 [ 3020810.  ]
 [ 5329364.5 ]
 [ 7935046.  ]]
[[ 6558301. ]
 [ 6979190. ]
 [ 4670635.5]
 [ 2064954. ]]
Loss= 3.43544e+06	Accuracy= 0.75
[[ 5632490.  ]
 [ 2831536.25]
 [ 5581464.  ]
 [ 9140793.  ]]
[[ 4367510.]
 [ 7168464.]
 [ 4418536.]
 [  859207.]]
Loss= 3.80034e+06	Accuracy= 1.0
[[ 2349411.75]
 [ 3818188.75]
 [ 5636136.  ]
 [ 5330111.5 ]]
[[ 7650588. ]
 [ 6181811. ]
 [ 4363864. ]
 [ 4669888.5]]
Loss= 4.14986e+06	Accuracy= 0.75
[[ 5982303.5]
 [ 4456238.5]
 [ 5770694.5]
 [ 8068389. ]]
[[ 4017696.5]
 [ 5543761.5]
 [ 4229305.5]
 [ 1931611. ]]
Loss= 3.14474e+06	Accuracy= 0.75
[[ 5534306.5]
 [ 2347895. ]
 [ 7248797.5]
 [ 8054429. ]]
[[ 4465693.5]
 [ 7652105. ]
 [ 2751202.5]
 [ 1945571. ]]
Loss= 4.33442e+06	Accuracy= 0.5
[[  4417663.5 ]
 [  6331434.  ]
 [ 14511779.  ]
 [  3411425.75]]
[[ 5582336.5]
 [ 3668566. ]
 [       0. ]
 [ 6588574. ]]
Loss= 1.59854e+06	Accuracy= 1.0
[[  3426917.5 ]
 [  2113248.75]
 [  9145996.  ]
 [ 13352503.  ]]
[[ 6573082.5]
 [ 7886751. ]
 [  854004. ]
 [       0. ]]
Loss= 5.79098e+06	Accuracy= 0.5
[[ 8311708.5]
 [ 8834316. ]
 [ 5314038.5]
 [ 8668059. ]]
[[ 1688291.5]
 [ 1165684. ]
 [ 4685961.5]
 [ 1331941. ]]
Loss= 4.91407e+06	Accuracy= 0.25
[[ 5853518.5]
 [ 5221463.5]
 [ 2790039. ]
 [ 8628666. ]]
[[ 4146481.5]
 [ 4778536.5]
 [ 7209961. ]
 [ 1371334. ]]
Loss= 3.14255e+06	Accuracy= 0.75
[[  3753382.25]
 [  5252252.  ]
 [ 10164549.  ]
 [  6435425.  ]]
[[ 6246618.]
 [ 4747748.]
 [       0.]
 [ 3564575.]]
Loss= 3.35254e+06	Accuracy= 0.75
[[  3510307.]
 [  8875251.]
 [  8975391.]
 [ 12629518.]]
[[ 6489693.]
 [ 1124749.]
 [ 1024609.]
 [       0.]]
Loss= 4.69185e+06	Accuracy= 0.5
[[ 3414488.25]
 [ 5390571.5 ]
 [ 2147899.5 ]
 [ 7889773.5 ]]
[[ 6585512. ]
 [ 4609428.5]
 [ 7852100.5]
 [ 2110226.5]]
Loss= 3.04269e+06	Accuracy= 0.75
[[  5092651.5 ]
 [  2866058.75]
 [  5787944.  ]
 [ 10414501.  ]]
[[ 4907348.5]
 [ 7133941. ]
 [ 4212056. ]
 [       0. ]]
Loss= 2.85303e+06	Accuracy= 0.75
[[ 2644902. ]
 [ 6557804.5]
 [ 8877032. ]
 [ 8913549. ]]
[[ 7355098. ]
 [ 3442195.5]
 [ 1122968. ]
 [ 1086451. ]]
Loss= 4.84995e+06	Accuracy= 0.5
[[ 6254001.5]
 [ 9180653. ]
 [ 7185105.5]
 [ 8849761. ]]
[[ 3745998.5]
 [  819347. ]
 [ 2814894.5]
 [ 1150239. ]]
Loss= 2.37324e+06	Accuracy= 0.75
[[  2701675.]
 [  6791298.]
 [ 16185520.]
 [ 11093277.]]
[[ 7298325.]
 [ 3208702.]
 [       0.]
 [       0.]]
Loss= 5.44966e+06	Accuracy= 0.5
[[ 9756644. ]
 [ 5124979.5]
 [ 7581567. ]
 [ 5501425.5]]
[[  243356. ]
 [ 4875020.5]
 [ 2418433. ]
 [ 4498574.5]]
Loss= 3.3891e+06	Accuracy= 0.5
[[  8111266.]
 [  5445140.]
 [ 13654480.]
 [ 14203941.]]
[[ 1888734.]
 [ 4554860.]
 [       0.]
 [       0.]]
Loss= 4.64603e+06	Accuracy= 0.75
[[ 4676381.5 ]
 [ 4603011.5 ]
 [ 2916457.25]
 [ 7778826.  ]]
[[ 5323618.5]
 [ 5396988.5]
 [ 7083543. ]
 [ 2221174. ]]
Loss= 2.90015e+06	Accuracy= 0.75
[[ 5155058. ]
 [ 2119373.5]
 [ 9020449. ]
 [ 6653392. ]]
[[ 4844942. ]
 [ 7880626.5]
 [  979551. ]
 [ 3346608. ]]
Loss= 2.95431e+06	Accuracy= 0.75
[[ 5123340.5 ]
 [ 2904699.75]
 [ 9511977.  ]
 [ 6698840.  ]]
[[ 4876659.5]
 [ 7095300. ]
 [  488023. ]
 [ 3301160. ]]
Loss= 3.02767e+06	Accuracy= 1.0
[[ 4280667.5]
 [ 4091655. ]
 [ 7287125. ]
 [ 8974530. ]]
[[ 5719332.5]
 [ 5908345. ]
 [ 2712875. ]
 [ 1025470. ]]
Loss= 5.3008e+06	Accuracy= 0.5
[[ 5531371.]
 [ 4935506.]
 [ 3311123.]
 [ 5952567.]]
[[ 4468629.]
 [ 5064494.]
 [ 6688877.]
 [ 4047433.]]
Loss= 3.59676e+06	Accuracy= 1.0
[[ 3608830.  ]
 [ 3831020.75]
 [ 6395683.5 ]
 [ 6657147.  ]]
[[ 6391170. ]
 [ 6168979. ]
 [ 3604316.5]
 [ 3342853. ]]
Loss= 4.5021e+06	Accuracy= 0.5
[[ 7767687.5 ]
 [ 3369575.75]
 [ 4321388.5 ]
 [ 8807468.  ]]
[[ 2232312.5]
 [ 6630424. ]
 [ 5678611.5]
 [ 1192532. ]]
Loss= 2.79186e+06	Accuracy= 1.0
[[ 4556415. ]
 [ 3018594. ]
 [ 9345670. ]
 [ 7061895.5]]
[[ 5443585. ]
 [ 6981406. ]
 [  654330. ]
 [ 2938104.5]]
Loss= 3.0667e+06	Accuracy= 0.75
[[  5569380. ]
 [  2331926.5]
 [ 10330430. ]
 [  5634490.5]]
[[ 4430620. ]
 [ 7668073.5]
 [       0. ]
 [ 4365509.5]]
Loss= 2.80929e+06	Accuracy= 1.0
[[  2890575.5 ]
 [  3811981.25]
 [  5465398.  ]
 [ 15350238.  ]]
[[ 7109424.5]
 [ 6188019. ]
 [ 4534602. ]
 [       0. ]]
Loss= 1.51075e+06	Accuracy= 1.0
[[  3127727.75]
 [  2915275.  ]
 [ 10114986.  ]
 [ 11783110.  ]]
[[ 6872272.]
 [ 7084725.]
 [       0.]
 [       0.]]
Loss= 4.70397e+06	Accuracy= 0.5
[[ 4299428. ]
 [ 6233765.5]
 [ 8378655.5]
 [ 3338640.5]]
[[ 5700572. ]
 [ 3766234.5]
 [ 1621344.5]
 [ 6661359.5]]
Loss= 3.93668e+06	Accuracy= 0.5
[[ 3868238.25]
 [ 5648490.  ]
 [ 4569988.  ]
 [ 9200004.  ]]
[[ 6131762.]
 [ 4351510.]
 [ 5430012.]
 [  799996.]]
Loss= 2.65709e+06	Accuracy= 0.75
[[  2463818.]
 [  5417443.]
 [ 10113135.]
 [  7252910.]]
[[ 7536182.]
 [ 4582557.]
 [       0.]
 [ 2747090.]]
Loss= 3.46895e+06	Accuracy= 0.5
[[  1548957.125]
 [  7120675.   ]
 [  4793838.5  ]
 [ 17647836.   ]]
[[ 8451043. ]
 [ 2879325. ]
 [ 5206161.5]
 [       0. ]]
Loss= 4.07731e+06	Accuracy= 0.75
[[ 3408824.25]
 [ 2512538.75]
 [ 5396901.5 ]
 [ 4215214.  ]]
[[ 6591176. ]
 [ 7487461. ]
 [ 4603098.5]
 [ 5784786. ]]
Loss= 6.18794e+06	Accuracy= 0.5
[[ 10663108. ]
 [  4368457.5]
 [  4668940.5]
 [  5610862.5]]
[[       0. ]
 [ 5631542.5]
 [ 5331059.5]
 [ 4389137.5]]
Loss= 2.10625e+06	Accuracy= 1.0
[[  2899518.]
 [  4476468.]
 [ 10584899.]
 [  8950999.]]
[[ 7100482.]
 [ 5523532.]
 [       0.]
 [ 1049001.]]
Loss= 4.27471e+06	Accuracy= 0.75
[[ 4733340.5  ]
 [ 1509933.875]
 [ 5051948.5  ]
 [ 4092494.25 ]]
[[ 5266659.5]
 [ 8490066. ]
 [ 4948051.5]
 [ 5907506. ]]
Loss= 4.05866e+06	Accuracy= 0.5
[[  6685951.5 ]
 [  3063016.75]
 [  3514315.75]
 [ 10093440.  ]]
[[ 3314048.5]
 [ 6936983. ]
 [ 6485684. ]
 [       0. ]]
Loss= 4.35309e+06	Accuracy= 0.75
[[  4969468.5]
 [  7642131.5]
 [ 15691888. ]
 [  5199253. ]]
[[ 5030531.5]
 [ 2357868.5]
 [       0. ]
 [ 4800747. ]]
Loss= 2.98598e+06	Accuracy= 0.75
[[  3947918.5]
 [  2785167. ]
 [ 11251243. ]
 [  4789179.5]]
[[ 6052081.5]
 [ 7214833. ]
 [       0. ]
 [ 5210820.5]]
Loss= 2.50271e+06	Accuracy= 0.75
[[ 5100012.  ]
 [ 2948662.75]
 [ 8245030.5 ]
 [ 9792798.  ]]
[[ 4899988. ]
 [ 7051337. ]
 [ 1754969.5]
 [  207202. ]]
Loss= 3.14302e+06	Accuracy= 0.75
[[ 4052185.5]
 [ 6194486.5]
 [ 8497217. ]
 [ 9177357. ]]
[[ 5947814.5]
 [ 3805513.5]
 [ 1502783. ]
 [  822643. ]]
Loss= 2.68606e+06	Accuracy= 1.0
[[ 2060306. ]
 [ 4735715.5]
 [ 9097878. ]
 [ 6953894.5]]
[[ 7939694. ]
 [ 5264284.5]
 [  902122. ]
 [ 3046105.5]]
Loss= 3.12513e+06	Accuracy= 0.75
[[  6922659.5 ]
 [  3204605.25]
 [  7626743.5 ]
 [ 10021965.  ]]
[[ 3077340.5]
 [ 6795395. ]
 [ 2373256.5]
 [       0. ]]
Loss= 3.96043e+06	Accuracy= 0.75
[[ 3552864.5]
 [ 5537745. ]
 [ 7696917. ]
 [ 5551959.5]]
[[ 6447135.5]
 [ 4462255. ]
 [ 2303083. ]
 [ 4448040.5]]
Loss= 3.90871e+06	Accuracy= 0.75
[[ 4762831.5  ]
 [ 1585723.875]
 [ 7058985.   ]
 [ 3654718.5  ]]
[[ 5237168.5]
 [ 8414276. ]
 [ 2941015. ]
 [ 6345281.5]]
Loss= 1.51127e+06	Accuracy= 1.0
[[   945454.375]
 [  4991819.   ]
 [ 11546051.   ]
 [  9892195.   ]]
[[ 9054546.]
 [ 5008181.]
 [       0.]
 [  107805.]]
Loss= 2.90405e+06	Accuracy= 1.0
[[ 4797651.  ]
 [ 3743998.75]
 [ 8571553.  ]
 [ 8353910.5 ]]
[[ 5202349. ]
 [ 6256001. ]
 [ 1428447. ]
 [ 1646089.5]]
Loss= 1.57497e+06	Accuracy= 1.0
[[  2090734.625]
 [  3639672.75 ]
 [  9430516.   ]
 [ 10193474.   ]]
[[ 7909265.5]
 [ 6360327. ]
 [  569484. ]
 [       0. ]]
Loss= 4.71699e+06	Accuracy= 0.5
[[ 1744365.25]
 [ 6116634.  ]
 [ 6722575.  ]
 [ 2270482.5 ]]
[[ 8255635. ]
 [ 3883366. ]
 [ 3277425. ]
 [ 7729517.5]]
Loss= 4.63091e+06	Accuracy= 0.5
[[  8769958. ]
 [  6351934. ]
 [ 10121715. ]
 [  6598253.5]]
[[ 1230042. ]
 [ 3648066. ]
 [       0. ]
 [ 3401746.5]]
Loss= 3.30842e+06	Accuracy= 0.75
[[ 4113896.  ]
 [ 3037898.75]
 [ 9487643.  ]
 [ 4430457.5 ]]
[[ 5886104. ]
 [ 6962101. ]
 [  512357. ]
 [ 5569542.5]]
Loss= 4.94481e+06	Accuracy= 0.5
[[ 5983143. ]
 [ 6756683. ]
 [ 7592135.5]
 [ 5368447. ]]
[[ 4016857. ]
 [ 3243317. ]
 [ 2407864.5]
 [ 4631553. ]]
Loss= 3.50891e+06	Accuracy= 0.75
[[ 1845825.625]
 [ 1869130.375]
 [ 5656910.5  ]
 [ 4022388.5  ]]
[[ 8154174.5]
 [ 8130869.5]
 [ 4343089.5]
 [ 5977611.5]]
Loss= 3.98922e+06	Accuracy= 0.5
[[ 7528842.5]
 [ 7076001. ]
 [ 8780753. ]
 [ 9867219. ]]
[[ 2471157.5]
 [ 2923999. ]
 [ 1219247. ]
 [  132781. ]]
Loss= 2.47714e+06	Accuracy= 0.75
[[  5078387.5]
 [  2565045. ]
 [ 12387142. ]
 [  7734861. ]]
[[ 4921612.5]
 [ 7434955. ]
 [       0. ]
 [ 2265139. ]]
Loss= 2.46823e+06	Accuracy= 1.0
[[  2521327.5]
 [  2889985. ]
 [ 13893316. ]
 [  5538382.5]]
[[ 7478672.5]
 [ 7110015. ]
 [       0. ]
 [ 4461617.5]]
Loss= 1.77074e+06	Accuracy= 1.0
[[  2953257.25]
 [  3095593.75]
 [  8965883.  ]
 [ 10453528.  ]]
[[ 7046743.]
 [ 6904406.]
 [ 1034117.]
 [       0.]]
Loss= 4.14192e+06	Accuracy= 0.5
[[ 2116344.25]
 [ 1003280.25]
 [ 3090194.25]
 [ 3461751.5 ]]
[[ 7883656. ]
 [ 8996720. ]
 [ 6909806. ]
 [ 6538248.5]]
Loss= 4.08989e+06	Accuracy= 0.75
[[ 5062838.5 ]
 [ 4067655.75]
 [ 7713572.  ]
 [ 5057348.  ]]
[[ 4937161.5]
 [ 5932344. ]
 [ 2286428. ]
 [ 4942652. ]]
Loss= 3.85362e+06	Accuracy= 0.5
[[ 6180904.5]
 [ 8043012.5]
 [ 9435233. ]
 [ 9374196. ]]
[[ 3819095.5]
 [ 1956987.5]
 [  564767. ]
 [  625804. ]]
Loss= 4.76063e+06	Accuracy= 0.25
[[  6381016.5]
 [  6324628. ]
 [  3663111. ]
 [ 14430810. ]]
[[ 3618983.5]
 [ 3675372. ]
 [ 6336889. ]
 [       0. ]]
Loss= 2.86904e+06	Accuracy= 0.5
[[  5529097.5]
 [  5947081. ]
 [ 16905824. ]
 [ 16562329. ]]
[[ 4470902.5]
 [ 4052919. ]
 [       0. ]
 [       0. ]]
Loss= 842019.0	Accuracy= 1.0
[[  1311851.25  ]
 [   605271.4375]
 [  8549047.    ]
 [ 12929381.    ]]
[[ 8688149.]
 [ 9394729.]
 [ 1450953.]
 [       0.]]
Loss= 5.37048e+06	Accuracy= 0.5
[[ 10326907.]
 [  8535051.]
 [  7884681.]
 [  9495343.]]
[[       0.]
 [ 1464949.]
 [ 2115319.]
 [  504657.]]
Loss= 1.57261e+06	Accuracy= 1.0
[[  1620841.625]
 [  4669609.   ]
 [ 14883540.   ]
 [ 16262555.   ]]
[[ 8379158.5]
 [ 5330391. ]
 [       0. ]
 [       0. ]]
Loss= 6.66048e+06	Accuracy= 0.25
[[ 9566249. ]
 [ 6246196.5]
 [ 5210729. ]
 [ 3959813. ]]
[[  433751. ]
 [ 3753803.5]
 [ 4789271. ]
 [ 6040187. ]]
Loss= 907768.0	Accuracy= 1.0
[[  1967709.75 ]
 [  1663360.875]
 [ 10280421.   ]
 [ 12435693.   ]]
[[ 8032290.]
 [ 8336639.]
 [       0.]
 [       0.]]
Loss= 2.4992e+06	Accuracy= 1.0
[[ 4057632.   ]
 [ 2038375.125]
 [ 6797797.5  ]
 [ 9301408.   ]]
[[ 5942368. ]
 [ 7961625. ]
 [ 3202202.5]
 [  698592. ]]
Loss= 3.00476e+06	Accuracy= 0.75
[[  3593910.5]
 [  3044474. ]
 [ 13534543. ]
 [  4619348. ]]
[[ 6406089.5]
 [ 6955526. ]
 [       0. ]
 [ 5380652. ]]
Loss= 4.17571e+06	Accuracy= 0.5
[[ 1581056.875]
 [ 5165590.   ]
 [ 5366524.5  ]
 [ 4677284.5  ]]
[[ 8418943. ]
 [ 4834410. ]
 [ 4633475.5]
 [ 5322715.5]]
Loss= 1.65697e+06	Accuracy= 1.0
[[  3323139.25 ]
 [  1316771.375]
 [ 12074987.   ]
 [  8012049.5  ]]
[[ 6676861. ]
 [ 8683229. ]
 [       0. ]
 [ 1987950.5]]
Loss= 3.72967e+06	Accuracy= 0.75
[[  3489472.25]
 [  8334343.  ]
 [ 12886415.  ]
 [  6905143.  ]]
[[ 6510528.]
 [ 1665657.]
 [       0.]
 [ 3094857.]]
Loss= 1.40587e+06	Accuracy= 1.0
[[  2229505.75]
 [  3393956.  ]
 [ 10284680.  ]
 [ 10673870.  ]]
[[ 7770494.]
 [ 6606044.]
 [       0.]
 [       0.]]
Loss= 1.56298e+06	Accuracy= 1.0
[[  3505157.  ]
 [  2746744.25]
 [ 11663937.  ]
 [ 10630260.  ]]
[[ 6494843.]
 [ 7253256.]
 [       0.]
 [       0.]]
Loss= 1.34289e+06	Accuracy= 1.0
[[  3618363.75]
 [  1753192.5 ]
 [ 11680598.  ]
 [ 10370075.  ]]
[[ 6381636. ]
 [ 8246807.5]
 [       0. ]
 [       0. ]]
Loss= 4.12307e+06	Accuracy= 0.75
[[ 2394891.75]
 [ 6723628.5 ]
 [ 6642008.5 ]
 [ 5984248.  ]]
[[ 7605108. ]
 [ 3276371.5]
 [ 3357991.5]
 [ 4015752. ]]
Loss= 4.01323e+06	Accuracy= 1.0
[[ 4439612. ]
 [ 4776739.5]
 [ 5820184. ]
 [ 7343244.5]]
[[ 5560388. ]
 [ 5223260.5]
 [ 4179816. ]
 [ 2656755.5]]
Loss= 2.65492e+06	Accuracy= 1.0
[[ 3440407. ]
 [ 3004143.5]
 [ 6529108. ]
 [ 9295763. ]]
[[ 6559593. ]
 [ 6995856.5]
 [ 3470892. ]
 [  704237. ]]
Loss= 2.33734e+06	Accuracy= 0.75
[[  3289124.25]
 [  6060219.  ]
 [ 12179458.  ]
 [ 10419468.  ]]
[[ 6710876.]
 [ 3939781.]
 [       0.]
 [       0.]]
Loss= 3.17113e+06	Accuracy= 0.75
[[ 7667176.5  ]
 [ 1513475.875]
 [ 9044297.   ]
 [ 7451848.   ]]
[[ 2332823.5]
 [ 8486524. ]
 [  955703. ]
 [ 2548152. ]]
Loss= 2.66992e+06	Accuracy= 0.75
[[  5630253.  ]
 [  2179859.25]
 [ 10263501.  ]
 [  7130431.  ]]
[[ 4369747.]
 [ 7820141.]
 [       0.]
 [ 2869569.]]
Loss= 5.15039e+06	Accuracy= 0.75
[[ 9908547. ]
 [ 4922089. ]
 [ 5273035.5]
 [ 8956028. ]]
[[   91453. ]
 [ 5077911. ]
 [ 4726964.5]
 [ 1043972. ]]
Loss= 1.71947e+06	Accuracy= 1.0
[[  1464015.75]
 [  2529218.75]
 [ 11041879.  ]
 [  7115344.  ]]
[[ 8535984.]
 [ 7470781.]
 [       0.]
 [ 2884656.]]
Loss= 3.51702e+06	Accuracy= 0.75
[[  6391763. ]
 [  4449283.5]
 [ 16359441. ]
 [  6772976. ]]
[[ 3608237. ]
 [ 5550716.5]
 [       0. ]
 [ 3227024. ]]
Loss= 4.25059e+06	Accuracy= 0.75
[[ 3602920.25]
 [ 3303827.75]
 [ 3876148.25]
 [ 6028237.5 ]]
[[ 6397080. ]
 [ 6696172. ]
 [ 6123852. ]
 [ 3971762.5]]
Loss= 3.88952e+06	Accuracy= 0.5
[[  6034554.5]
 [  9523537. ]
 [ 15190127. ]
 [ 11719149. ]]
[[ 3965445.5]
 [  476463. ]
 [       0. ]
 [       0. ]]
Loss= 2.60448e+06	Accuracy= 0.75
[[  5225352.  ]
 [  2889046.75]
 [  7696468.  ]
 [ 11056743.  ]]
[[ 4774648.]
 [ 7110953.]
 [ 2303532.]
 [       0.]]
Loss= 1.66899e+06	Accuracy= 1.0
[[  4237212.  ]
 [  1938489.75]
 [ 10155044.  ]
 [  9499725.  ]]
[[ 5762788.]
 [ 8061510.]
 [       0.]
 [  500275.]]
Loss= 1.80254e+06	Accuracy= 1.0
[[ 2695802.5]
 [ 1855877.5]
 [ 7741085.5]
 [ 9600418. ]]
[[ 7304197.5]
 [ 8144122.5]
 [ 2258914.5]
 [  399582. ]]
Loss= 2.84074e+06	Accuracy= 0.75
[[  4057009.   ]
 [  1737825.375]
 [ 14336308.   ]
 [  4431892.   ]]
[[ 5942991. ]
 [ 8262174.5]
 [       0. ]
 [ 5568108. ]]
Loss= 3.0658e+06	Accuracy= 0.75
[[  5434197.5]
 [  4077454. ]
 [  7248447.5]
 [ 15195753. ]]
[[ 4565802.5]
 [ 5922546. ]
 [ 2751552.5]
 [       0. ]]
Loss= 2.54147e+06	Accuracy= 1.0
[[  3798049.75]
 [  3573591.5 ]
 [ 13287579.  ]
 [  7205767.  ]]
[[ 6201950. ]
 [ 6426408.5]
 [       0. ]
 [ 2794233. ]]
Loss= 3.66269e+06	Accuracy= 0.75
[[ 3231448.5]
 [ 2868370.5]
 [ 6567462. ]
 [ 4881590.5]]
[[ 6768551.5]
 [ 7131629.5]
 [ 3432538. ]
 [ 5118409.5]]
Loss= 776981.0	Accuracy= 1.0
[[   969157.8125]
 [  2138766.25  ]
 [ 13611185.    ]
 [ 21286468.    ]]
[[ 9030842.]
 [ 7861234.]
 [       0.]
 [       0.]]
Loss= 2.14366e+06	Accuracy= 1.0
[[  2469141.5 ]
 [  3918785.75]
 [ 12708408.  ]
 [  7813288.  ]]
[[ 7530858.5]
 [ 6081214. ]
 [       0. ]
 [ 2186712. ]]
Loss= 5.33534e+06	Accuracy= 0.5
[[ 10635793.  ]
 [  1997160.25]
 [  7809937.  ]
 [  3481660.  ]]
[[       0.]
 [ 8002840.]
 [ 2190063.]
 [ 6518340.]]
Loss= 1.40892e+06	Accuracy= 1.0
[[  4784947.    ]
 [   850715.3125]
 [ 14203632.    ]
 [ 12254459.    ]]
[[ 5215053.]
 [ 9149285.]
 [       0.]
 [       0.]]
Loss= 1.83124e+06	Accuracy= 1.0
[[  1496833. ]
 [  4368349.5]
 [ 12311883. ]
 [  8540204. ]]
[[ 8503167. ]
 [ 5631650.5]
 [       0. ]
 [ 1459796. ]]
Loss= 2.09534e+06	Accuracy= 1.0
[[  2502205.75]
 [  4806271.  ]
 [  8927107.  ]
 [ 12777448.  ]]
[[ 7497794.]
 [ 5193729.]
 [ 1072893.]
 [       0.]]
Loss= 2.72353e+06	Accuracy= 1.0
[[ 1713172.625]
 [ 2983299.5  ]
 [ 7876740.   ]
 [ 5925594.   ]]
[[ 8286827.5]
 [ 7016700.5]
 [ 2123260. ]
 [ 4074406. ]]
Loss= 2.64042e+06	Accuracy= 1.0
[[ 4264112.5  ]
 [ 1568741.625]
 [ 8554802.   ]
 [ 6716386.5  ]]
[[ 5735887.5]
 [ 8431258. ]
 [ 1445198. ]
 [ 3283613.5]]
Loss= 1.37124e+06	Accuracy= 1.0
[[  2874650.5 ]
 [  2610322.75]
 [ 13311566.  ]
 [ 11643515.  ]]
[[ 7125349.5]
 [ 7389677. ]
 [       0. ]
 [       0. ]]
Loss= 1.40029e+06	Accuracy= 1.0
[[  1015542.9375]
 [  2435404.5   ]
 [ 11468583.    ]
 [  7849775.5   ]]
[[ 8984457. ]
 [ 7564595.5]
 [       0. ]
 [ 2150224.5]]
Loss= 2.3579e+06	Accuracy= 0.75
[[ 2510596.75]
 [ 5125033.  ]
 [ 9607312.  ]
 [ 8596728.  ]]
[[ 7489403.]
 [ 4874967.]
 [  392688.]
 [ 1403272.]]
Loss= 3.00633e+06	Accuracy= 0.5
[[ 5586985.5]
 [ 5621050. ]
 [ 9525036. ]
 [ 9657689. ]]
[[ 4413014.5]
 [ 4378950. ]
 [  474964. ]
 [  342311. ]]
Loss= 3.94387e+06	Accuracy= 0.75
[[ 4761761.5]
 [ 6662362.5]
 [ 7981881. ]
 [ 7666773. ]]
[[ 5238238.5]
 [ 3337637.5]
 [ 2018119. ]
 [ 2333227. ]]
Loss= 4.59484e+06	Accuracy= 0.75
[[ 3724539.5 ]
 [ 4469233.  ]
 [ 6543254.  ]
 [ 3271178.75]]
[[ 6275460.5]
 [ 5530767. ]
 [ 3456746. ]
 [ 6728821. ]]
Loss= 2.46699e+06	Accuracy= 0.75
[[  1943436.  ]
 [  1085728.  ]
 [  3161223.25]
 [ 10963178.  ]]
[[ 8056564.]
 [ 8914272.]
 [ 6838777.]
 [       0.]]
Loss= 2.82549e+06	Accuracy= 0.75
[[  5992773.5 ]
 [  1949507.25]
 [  6640308.5 ]
 [ 10341742.  ]]
[[ 4007226.5]
 [ 8050493. ]
 [ 3359691.5]
 [       0. ]]
Loss= 1.95317e+06	Accuracy= 1.0
[[  2236282.5 ]
 [  3559782.75]
 [  7983380.5 ]
 [ 16966522.  ]]
[[ 7763717.5]
 [ 6440217. ]
 [ 2016619.5]
 [       0. ]]
Loss= 3.83138e+06	Accuracy= 0.75
[[ 1559016.25]
 [ 3315876.25]
 [ 3534244.25]
 [ 6015125.5 ]]
[[ 8440984. ]
 [ 6684124. ]
 [ 6465756. ]
 [ 3984874.5]]
Loss= 2.17166e+06	Accuracy= 1.0
[[ 2265473.25 ]
 [ 2005463.875]
 [ 8535587.   ]
 [ 7048716.   ]]
[[ 7734527.]
 [ 7994536.]
 [ 1464413.]
 [ 2951284.]]
Loss= 2.85131e+06	Accuracy= 1.0
[[ 2628348. ]
 [ 3489508. ]
 [ 5260844.5]
 [ 9451790. ]]
[[ 7371652. ]
 [ 6510492. ]
 [ 4739155.5]
 [  548210. ]]
Loss= 3.07836e+06	Accuracy= 0.75
[[ 6169235.5]
 [ 1919311. ]
 [ 9612167. ]
 [ 6162946. ]]
[[ 3830764.5]
 [ 8080689. ]
 [  387833. ]
 [ 3837054. ]]
Loss= 3.23953e+06	Accuracy= 0.75
[[  7875663.  ]
 [  4032297.75]
 [ 10877441.  ]
 [  8949835.  ]]
[[ 2124337.]
 [ 5967702.]
 [       0.]
 [ 1050165.]]
Loss= 2.60737e+06	Accuracy= 1.0
[[  3689471.75]
 [  2158232.25]
 [ 15444261.  ]
 [  5418231.5 ]]
[[ 6310528. ]
 [ 7841768. ]
 [       0. ]
 [ 4581768.5]]
Loss= 2.06658e+06	Accuracy= 1.0
[[ 2868913.]
 [ 2793178.]
 [ 7634757.]
 [ 9761029.]]
[[ 7131087.]
 [ 7206822.]
 [ 2365243.]
 [  238971.]]
Loss= 3.09743e+06	Accuracy= 1.0
[[ 3995676.25]
 [ 4220924.  ]
 [ 6860299.  ]
 [ 8966586.  ]]
[[ 6004324.]
 [ 5779076.]
 [ 3139701.]
 [ 1033414.]]
Loss= 2.86495e+06	Accuracy= 0.75
[[ 7056011.5]
 [ 2414452. ]
 [ 9774102. ]
 [ 8236562. ]]
[[ 2943988.5]
 [ 7585548. ]
 [  225898. ]
 [ 1763438. ]]
Loss= 2.20736e+06	Accuracy= 1.0
[[  4103215.5]
 [  4434243.5]
 [  9708031. ]
 [ 11071269. ]]
[[ 5896784.5]
 [ 5565756.5]
 [  291969. ]
 [       0. ]]
Loss= 2.48526e+06	Accuracy= 0.75
[[  3390519.]
 [  5158948.]
 [  8608422.]
 [ 10204227.]]
[[ 6609481.]
 [ 4841052.]
 [ 1391578.]
 [       0.]]
Loss= 2.82368e+06	Accuracy= 0.75
[[  6695214.5]
 [  4139988.5]
 [ 11118252. ]
 [  9540491. ]]
[[ 3304785.5]
 [ 5860011.5]
 [       0. ]
 [  459509. ]]
Loss= 3.1493e+06	Accuracy= 0.75
[[ 5492841. ]
 [ 4734873. ]
 [ 9894408. ]
 [ 7736090.5]]
[[ 4507159. ]
 [ 5265127. ]
 [  105592. ]
 [ 2263909.5]]
Loss= 2.02205e+06	Accuracy= 1.0
[[ 3375012.75 ]
 [ 1668999.625]
 [ 9660066.   ]
 [ 7295749.5  ]]
[[ 6624987. ]
 [ 8331000.5]
 [  339934. ]
 [ 2704250.5]]
Loss= 2.97216e+06	Accuracy= 1.0
[[ 3520828.  ]
 [ 2171216.25]
 [ 7231953.  ]
 [ 6571470.5 ]]
[[ 6479172. ]
 [ 7828784. ]
 [ 2768047. ]
 [ 3428529.5]]
Loss= 2.26473e+06	Accuracy= 1.0
[[  4557009.  ]
 [  3113982.75]
 [  8612080.  ]
 [ 10539890.  ]]
[[ 5442991.]
 [ 6886017.]
 [ 1387920.]
 [       0.]]
Converted 12 variables to const ops.
77 ops in the final graph.
